d:\project\retroserver\libevent\debug\bufferevent_pair.obj
d:\project\retroserver\libevent\debug\event.obj
d:\project\retroserver\libevent\debug\evutil.obj
d:\project\retroserver\libevent\debug\signal.obj
d:\project\retroserver\libevent\debug\bufferevent.obj
d:\project\retroserver\libevent\debug\evdns.obj
d:\project\retroserver\libevent\debug\http.obj
d:\project\retroserver\libevent\debug\bufferevent_async.obj
d:\project\retroserver\libevent\debug\bufferevent_sock.obj
d:\project\retroserver\libevent\debug\evrpc.obj
d:\project\retroserver\libevent\debug\evutil_rand.obj
d:\project\retroserver\libevent\debug\strlcpy.obj
d:\project\retroserver\libevent\debug\bufferevent_filter.obj
d:\project\retroserver\libevent\debug\buffer_iocp.obj
d:\project\retroserver\libevent\debug\evthread.obj
d:\project\retroserver\libevent\debug\log.obj
d:\project\retroserver\libevent\debug\bufferevent_ratelim.obj
d:\project\retroserver\libevent\debug\event_iocp.obj
d:\project\retroserver\libevent\debug\evthread_win32.obj
d:\project\retroserver\libevent\debug\listener.obj
d:\project\retroserver\libevent\debug\buffer.obj
d:\project\retroserver\libevent\debug\event_tagging.obj
d:\project\retroserver\libevent\debug\evmap.obj
d:\project\retroserver\libevent\debug\evutil_time.obj
d:\project\retroserver\libevent\debug\win32select.obj
d:\project\retroserver\libevent\debug\libevent.pdb
d:\project\retroserver\debug\libevent.lib
d:\project\retroserver\libevent\debug\libevent.idb
d:\project\retroserver\libevent\debug\libevent.tlog\cl.12096.write.1.tlog
d:\project\retroserver\libevent\debug\libevent.tlog\cl.command.1.tlog
d:\project\retroserver\libevent\debug\libevent.tlog\cl.read.1.tlog
d:\project\retroserver\libevent\debug\libevent.tlog\lib-link.read.1.tlog
d:\project\retroserver\libevent\debug\libevent.tlog\lib-link.write.1.tlog
d:\project\retroserver\libevent\debug\libevent.tlog\lib.command.1.tlog
